<?xml version="1.0" encoding="UTF-8"?>
<!-- Generated by org.testng.reporters.JUnitReportReporter -->
<testsuite hostname="localhost" name="lesson14.ParamTestWithDataProvider1" tests="5" failures="0" timestamp="31 Jan 2016 07:27:11 GMT" time="0.020" errors="0">
  <testcase name="testPrimeNumberChecker" time="0.012" classname="lesson14.ParamTestWithDataProvider1"/>
  <testcase name="testPrimeNumberChecker" time="0.005" classname="lesson14.ParamTestWithDataProvider1"/>
  <testcase name="testPrimeNumberChecker" time="0.001" classname="lesson14.ParamTestWithDataProvider1"/>
  <testcase name="testPrimeNumberChecker" time="0.001" classname="lesson14.ParamTestWithDataProvider1"/>
  <testcase name="testPrimeNumberChecker" time="0.001" classname="lesson14.ParamTestWithDataProvider1"/>
</testsuite> <!-- lesson14.ParamTestWithDataProvider1 -->
