<?xml version="1.0" encoding="UTF-8"?>
<!-- Generated by org.testng.reporters.JUnitReportReporter -->
<testsuite hostname="localhost" name="lesson15.HttpTestPost" tests="1" failures="0" timestamp="1 Feb 2016 10:12:49 GMT" time="0.819" errors="0">
  <testcase name="test" time="0.819" classname="lesson15.HttpTestPost"/>
</testsuite> <!-- lesson15.HttpTestPost -->
