<?xml version="1.0" encoding="UTF-8"?>
<!-- Generated by org.testng.reporters.JUnitReportReporter -->
<testsuite hostname="localhost" name="lesson14.ParameterizedTest1" tests="1" failures="0" timestamp="30 Jan 2016 04:15:00 GMT" time="0.024" errors="0">
  <testcase name="parameterTest" time="0.024" classname="lesson14.ParameterizedTest1"/>
</testsuite> <!-- lesson14.ParameterizedTest1 -->
