<?xml version="1.0" encoding="UTF-8"?>
<!-- Generated by org.testng.reporters.JUnitReportReporter -->
<testsuite hostname="localhost" name="lesson13.ParameterizedTest1" tests="1" failures="0" timestamp="29 Jan 2016 09:45:15 GMT" time="0.023" errors="0">
  <testcase name="ParaTest" time="0.023" classname="lesson13.ParameterizedTest1"/>
</testsuite> <!-- lesson13.ParameterizedTest1 -->
