<?xml version="1.0" encoding="UTF-8"?>
<!-- Generated by org.testng.reporters.JUnitReportReporter -->
<testsuite hostname="localhost" name="lesson13.DataProviderLearn" tests="3" failures="0" timestamp="29 Jan 2016 09:45:15 GMT" time="0.003" errors="0">
  <testcase name="verifyUser" time="0.001" classname="lesson13.DataProviderLearn"/>
  <testcase name="verifyUser" time="0.002" classname="lesson13.DataProviderLearn"/>
  <testcase name="verifyUser" time="0.000" classname="lesson13.DataProviderLearn"/>
</testsuite> <!-- lesson13.DataProviderLearn -->
