<?xml version="1.0" encoding="UTF-8"?>
<!-- Generated by org.testng.reporters.JUnitReportReporter -->
<testsuite hostname="localhost" name="lesson13.DependsTest" tests="2" failures="0" timestamp="29 Jan 2016 09:45:15 GMT" time="0.002" errors="0">
  <testcase name="testMessage" time="0.001" classname="lesson13.DependsTest"/>
  <testcase name="setupEnv" time="0.001" classname="lesson13.DependsTest"/>
</testsuite> <!-- lesson13.DependsTest -->
