<?xml version="1.0" encoding="UTF-8"?>
<!-- Generated by org.testng.reporters.JUnitReportReporter -->
<testsuite hostname="localhost" name="lesson14.ParamTestWithDataProvider2" tests="1" failures="0" timestamp="31 Jan 2016 07:27:46 GMT" time="0.020" errors="0">
  <testcase name="testMethod" time="0.020" classname="lesson14.ParamTestWithDataProvider2"/>
</testsuite> <!-- lesson14.ParamTestWithDataProvider2 -->
